This file contains any messages produced by compilers while
running configure, to aid debugging if configure makes a mistake.

It was created by fuego configure 1.1.SVN, which was
generated by GNU Autoconf 2.69.  Invocation command line was

  $ ./configure --with-boost=/afs/andrew.cmu.edu/usr18/qzhuang/private/boost --with-boost-libdir=/afs/andrew.cmu.edu/usr18/qzhuang/private/boost/lib

## --------- ##
## Platform. ##
## --------- ##

hostname = ghc30.ghc.andrew.cmu.edu
uname -m = x86_64
uname -r = 3.10.0-327.13.1.el7.x86_64
uname -s = Linux
uname -v = #1 SMP Mon Feb 29 13:22:02 EST 2016

/usr/bin/uname -p = x86_64
/bin/uname -X     = unknown

/bin/arch              = x86_64
/usr/bin/arch -k       = unknown
/usr/convex/getsysinfo = unknown
/usr/bin/hostinfo      = unknown
/bin/machine           = unknown
/usr/bin/oslevel       = unknown
/bin/universe          = unknown

PATH: /usr/lib64/qt-3.3/bin
PATH: /afs/andrew.cmu.edu/usr18/qzhuang/perl5/bin
PATH: /usr/lib64/ccache
PATH: /usr/local/bin
PATH: /usr/bin
PATH: /usr/local/sbin
PATH: /usr/sbin


## ----------- ##
## Core tests. ##
## ----------- ##

configure:2253: checking for a BSD-compatible install
configure:2321: result: /usr/bin/install -c
configure:2332: checking whether build environment is sane
configure:2387: result: yes
configure:2538: checking for a thread-safe mkdir -p
configure:2577: result: /usr/bin/mkdir -p
configure:2584: checking for gawk
configure:2600: found /usr/bin/gawk
configure:2611: result: gawk
configure:2622: checking whether make sets $(MAKE)
configure:2644: result: yes
configure:2673: checking whether make supports nested variables
configure:2690: result: yes
configure:2775: checking whether to enable maintainer-specific portions of Makefiles
configure:2784: result: no
configure:2855: checking for g++
configure:2871: found /usr/lib64/ccache/g++
configure:2882: result: g++
configure:2909: checking for C++ compiler version
configure:2918: g++ --version >&5
g++ (GCC) 4.8.5 20150623 (Red Hat 4.8.5-4)
Copyright (C) 2015 Free Software Foundation, Inc.
This is free software; see the source for copying conditions.  There is NO
warranty; not even for MERCHANTABILITY or FITNESS FOR A PARTICULAR PURPOSE.

configure:2929: $? = 0
configure:2918: g++ -v >&5
Using built-in specs.
COLLECT_GCC=/usr/bin/g++
COLLECT_LTO_WRAPPER=/usr/libexec/gcc/x86_64-redhat-linux/4.8.5/lto-wrapper
Target: x86_64-redhat-linux
Configured with: ../configure --prefix=/usr --mandir=/usr/share/man --infodir=/usr/share/info --with-bugurl=http://bugzilla.redhat.com/bugzilla --enable-bootstrap --enable-shared --enable-threads=posix --enable-checking=release --with-system-zlib --enable-__cxa_atexit --disable-libunwind-exceptions --enable-gnu-unique-object --enable-linker-build-id --with-linker-hash-style=gnu --enable-languages=c,c++,objc,obj-c++,java,fortran,ada,go,lto --enable-plugin --enable-initfini-array --disable-libgcj --with-isl=/builddir/build/BUILD/gcc-4.8.5-20150702/obj-x86_64-redhat-linux/isl-install --with-cloog=/builddir/build/BUILD/gcc-4.8.5-20150702/obj-x86_64-redhat-linux/cloog-install --enable-gnu-indirect-function --with-tune=generic --with-arch_32=x86-64 --build=x86_64-redhat-linux
Thread model: posix
gcc version 4.8.5 20150623 (Red Hat 4.8.5-4) (GCC) 
configure:2929: $? = 0
configure:2918: g++ -V >&5
g++: error: unrecognized command line option '-V'
g++: fatal error: no input files
compilation terminated.
configure:2929: $? = 4
configure:2918: g++ -qversion >&5
g++: error: unrecognized command line option '-qversion'
g++: fatal error: no input files
compilation terminated.
configure:2929: $? = 4
configure:2949: checking whether the C++ compiler works
configure:2971: g++    conftest.cpp  >&5
configure:2975: $? = 0
configure:3023: result: yes
configure:3026: checking for C++ compiler default output file name
configure:3028: result: a.out
configure:3034: checking for suffix of executables
configure:3041: g++ -o conftest    conftest.cpp  >&5
configure:3045: $? = 0
configure:3067: result: 
configure:3089: checking whether we are cross compiling
configure:3097: g++ -o conftest    conftest.cpp  >&5
configure:3101: $? = 0
configure:3108: ./conftest
configure:3112: $? = 0
configure:3127: result: no
configure:3132: checking for suffix of object files
configure:3154: g++ -c   conftest.cpp >&5
configure:3158: $? = 0
configure:3179: result: o
configure:3183: checking whether we are using the GNU C++ compiler
configure:3202: g++ -c   conftest.cpp >&5
configure:3202: $? = 0
configure:3211: result: yes
configure:3220: checking whether g++ accepts -g
configure:3240: g++ -c -g  conftest.cpp >&5
configure:3240: $? = 0
configure:3281: result: yes
configure:3315: checking for style of include used by make
configure:3343: result: GNU
configure:3369: checking dependency style of g++
configure:3480: result: gcc3
configure:3538: checking for ranlib
configure:3554: found /usr/bin/ranlib
configure:3565: result: ranlib
configure:3636: checking for boostlib >= 1.50.0
configure:3705: g++ -c -g -O2  -I/afs/andrew.cmu.edu/usr18/qzhuang/private/boost/include conftest.cpp >&5
configure:3705: $? = 0
configure:3707: result: yes
configure:3901: checking for gcc
configure:3917: found /usr/lib64/ccache/gcc
configure:3928: result: gcc
configure:4157: checking for C compiler version
configure:4166: gcc --version >&5
gcc (GCC) 4.8.5 20150623 (Red Hat 4.8.5-4)
Copyright (C) 2015 Free Software Foundation, Inc.
This is free software; see the source for copying conditions.  There is NO
warranty; not even for MERCHANTABILITY or FITNESS FOR A PARTICULAR PURPOSE.

configure:4177: $? = 0
configure:4166: gcc -v >&5
Using built-in specs.
COLLECT_GCC=/usr/bin/gcc
COLLECT_LTO_WRAPPER=/usr/libexec/gcc/x86_64-redhat-linux/4.8.5/lto-wrapper
Target: x86_64-redhat-linux
Configured with: ../configure --prefix=/usr --mandir=/usr/share/man --infodir=/usr/share/info --with-bugurl=http://bugzilla.redhat.com/bugzilla --enable-bootstrap --enable-shared --enable-threads=posix --enable-checking=release --with-system-zlib --enable-__cxa_atexit --disable-libunwind-exceptions --enable-gnu-unique-object --enable-linker-build-id --with-linker-hash-style=gnu --enable-languages=c,c++,objc,obj-c++,java,fortran,ada,go,lto --enable-plugin --enable-initfini-array --disable-libgcj --with-isl=/builddir/build/BUILD/gcc-4.8.5-20150702/obj-x86_64-redhat-linux/isl-install --with-cloog=/builddir/build/BUILD/gcc-4.8.5-20150702/obj-x86_64-redhat-linux/cloog-install --enable-gnu-indirect-function --with-tune=generic --with-arch_32=x86-64 --build=x86_64-redhat-linux
Thread model: posix
gcc version 4.8.5 20150623 (Red Hat 4.8.5-4) (GCC) 
configure:4177: $? = 0
configure:4166: gcc -V >&5
gcc: error: unrecognized command line option '-V'
gcc: fatal error: no input files
compilation terminated.
configure:4177: $? = 4
configure:4166: gcc -qversion >&5
gcc: error: unrecognized command line option '-qversion'
gcc: fatal error: no input files
compilation terminated.
configure:4177: $? = 4
configure:4181: checking whether we are using the GNU C compiler
configure:4200: gcc -c   conftest.c >&5
configure:4200: $? = 0
configure:4209: result: yes
configure:4218: checking whether gcc accepts -g
configure:4238: gcc -c -g  conftest.c >&5
configure:4238: $? = 0
configure:4279: result: yes
configure:4296: checking for gcc option to accept ISO C89
configure:4359: gcc  -c -g -O2  conftest.c >&5
configure:4359: $? = 0
configure:4372: result: none needed
configure:4394: checking dependency style of gcc
configure:4505: result: gcc3
configure:4524: checking build system type
configure:4538: result: x86_64-unknown-linux-gnu
configure:4591: checking whether the Boost::Thread library is available
configure:4623: g++ -c -pthread -g -O2  -I/afs/andrew.cmu.edu/usr18/qzhuang/private/boost/include conftest.cpp >&5
configure:4623: $? = 0
configure:4638: result: yes
configure:4667: checking for exit in -lboost_thread
configure:4692: gcc -o conftest -g -O2  -I/afs/andrew.cmu.edu/usr18/qzhuang/private/boost/include  -L/afs/andrew.cmu.edu/usr18/qzhuang/private/boost/lib conftest.c -lboost_thread   >&5
conftest.c:20:6: warning: conflicting types for built-in function 'exit' [enabled by default]
 char exit ();
      ^
configure:4692: $? = 0
configure:4702: result: yes
configure:4862: checking whether the Boost::System library is available
configure:4886: g++ -c -g -O2  -pthread -I/afs/andrew.cmu.edu/usr18/qzhuang/private/boost/include conftest.cpp >&5
configure:4886: $? = 0
configure:4901: result: yes
configure:4916: checking for exit in -lboost_system
configure:4941: gcc -o conftest -g -O2  -pthread -I/afs/andrew.cmu.edu/usr18/qzhuang/private/boost/include  -L/afs/andrew.cmu.edu/usr18/qzhuang/private/boost/lib conftest.c -lboost_system   >&5
conftest.c:21:6: warning: conflicting types for built-in function 'exit' [enabled by default]
 char exit ();
      ^
configure:4941: $? = 0
configure:4951: result: yes
configure:5102: checking whether the Boost::Date_Time library is available
configure:5126: g++ -c -g -O2  -pthread -I/afs/andrew.cmu.edu/usr18/qzhuang/private/boost/include conftest.cpp >&5
configure:5126: $? = 0
configure:5140: result: yes
configure:5151: checking for exit in -lboost_date_time
configure:5176: gcc -o conftest -g -O2  -pthread -I/afs/andrew.cmu.edu/usr18/qzhuang/private/boost/include  -L/afs/andrew.cmu.edu/usr18/qzhuang/private/boost/lib conftest.c -lboost_date_time   >&5
conftest.c:22:6: warning: conflicting types for built-in function 'exit' [enabled by default]
 char exit ();
      ^
configure:5176: $? = 0
configure:5186: result: yes
configure:5335: checking whether the Boost::Filesystem library is available
configure:5359: g++ -c -g -O2  -pthread -I/afs/andrew.cmu.edu/usr18/qzhuang/private/boost/include conftest.cpp >&5
configure:5359: $? = 0
configure:5373: result: yes
configure:5384: checking for exit in -lboost_filesystem
configure:5409: gcc -o conftest -g -O2  -pthread -I/afs/andrew.cmu.edu/usr18/qzhuang/private/boost/include  -L/afs/andrew.cmu.edu/usr18/qzhuang/private/boost/lib conftest.c -lboost_filesystem   -lboost_system >&5
conftest.c:23:6: warning: conflicting types for built-in function 'exit' [enabled by default]
 char exit ();
      ^
configure:5409: $? = 0
configure:5419: result: yes
configure:5569: checking whether the Boost::Program_Options library is available
configure:5593: g++ -c -g -O2  -pthread -I/afs/andrew.cmu.edu/usr18/qzhuang/private/boost/include conftest.cpp >&5
configure:5593: $? = 0
configure:5607: result: yes
configure:5618: checking for exit in -lboost_program_options
configure:5643: gcc -o conftest -g -O2  -pthread -I/afs/andrew.cmu.edu/usr18/qzhuang/private/boost/include  -L/afs/andrew.cmu.edu/usr18/qzhuang/private/boost/lib conftest.c -lboost_program_options   >&5
conftest.c:24:6: warning: conflicting types for built-in function 'exit' [enabled by default]
 char exit ();
      ^
configure:5643: $? = 0
configure:5653: result: yes
configure:5795: checking whether the Boost::Unit_Test_Framework library is available
configure:5818: g++ -c -g -O2  -pthread -I/afs/andrew.cmu.edu/usr18/qzhuang/private/boost/include conftest.cpp >&5
configure:5818: $? = 0
configure:5832: result: yes
configure:5959: checking for __sync_synchronize
configure:5965: gcc -o conftest -g -O2   conftest.c  >&5
configure:5965: $? = 0
configure:5972: result: yes
configure:6031: checking host system type
configure:6044: result: x86_64-unknown-linux-gnu
configure:6076: checking how to run the C preprocessor
configure:6107: gcc -E  conftest.c
configure:6107: $? = 0
configure:6121: gcc -E  conftest.c
conftest.c:20:28: fatal error: ac_nonexistent.h: No such file or directory
 #include <ac_nonexistent.h>
                            ^
compilation terminated.
configure:6121: $? = 1
configure: failed program was:
| /* confdefs.h */
| #define PACKAGE_NAME "fuego"
| #define PACKAGE_TARNAME "fuego"
| #define PACKAGE_VERSION "1.1.SVN"
| #define PACKAGE_STRING "fuego 1.1.SVN"
| #define PACKAGE_BUGREPORT ""
| #define PACKAGE_URL ""
| #define PACKAGE "fuego"
| #define VERSION "1.1.SVN"
| #define HAVE_BOOST /**/
| #define HAVE_BOOST_THREAD /**/
| #define HAVE_BOOST_SYSTEM /**/
| #define HAVE_BOOST_DATE_TIME /**/
| #define HAVE_BOOST_FILESYSTEM /**/
| #define HAVE_BOOST_PROGRAM_OPTIONS /**/
| #define HAVE_BOOST_UNIT_TEST_FRAMEWORK /**/
| #define HAVE_SYNC_SYNCHRONIZE 1
| #define HOST_CPU "x86_64"
| /* end confdefs.h.  */
| #include <ac_nonexistent.h>
configure:6146: result: gcc -E
configure:6166: gcc -E  conftest.c
configure:6166: $? = 0
configure:6180: gcc -E  conftest.c
conftest.c:20:28: fatal error: ac_nonexistent.h: No such file or directory
 #include <ac_nonexistent.h>
                            ^
compilation terminated.
configure:6180: $? = 1
configure: failed program was:
| /* confdefs.h */
| #define PACKAGE_NAME "fuego"
| #define PACKAGE_TARNAME "fuego"
| #define PACKAGE_VERSION "1.1.SVN"
| #define PACKAGE_STRING "fuego 1.1.SVN"
| #define PACKAGE_BUGREPORT ""
| #define PACKAGE_URL ""
| #define PACKAGE "fuego"
| #define VERSION "1.1.SVN"
| #define HAVE_BOOST /**/
| #define HAVE_BOOST_THREAD /**/
| #define HAVE_BOOST_SYSTEM /**/
| #define HAVE_BOOST_DATE_TIME /**/
| #define HAVE_BOOST_FILESYSTEM /**/
| #define HAVE_BOOST_PROGRAM_OPTIONS /**/
| #define HAVE_BOOST_UNIT_TEST_FRAMEWORK /**/
| #define HAVE_SYNC_SYNCHRONIZE 1
| #define HOST_CPU "x86_64"
| /* end confdefs.h.  */
| #include <ac_nonexistent.h>
configure:6209: checking for grep that handles long lines and -e
configure:6267: result: /usr/bin/grep
configure:6272: checking for egrep
configure:6334: result: /usr/bin/grep -E
configure:6339: checking for ANSI C header files
configure:6359: gcc -c -g -O2  conftest.c >&5
configure:6359: $? = 0
configure:6432: gcc -o conftest -g -O2   conftest.c  >&5
configure:6432: $? = 0
configure:6432: ./conftest
configure:6432: $? = 0
configure:6443: result: yes
configure:6456: checking for sys/types.h
configure:6456: gcc -c -g -O2  conftest.c >&5
configure:6456: $? = 0
configure:6456: result: yes
configure:6456: checking for sys/stat.h
configure:6456: gcc -c -g -O2  conftest.c >&5
configure:6456: $? = 0
configure:6456: result: yes
configure:6456: checking for stdlib.h
configure:6456: gcc -c -g -O2  conftest.c >&5
configure:6456: $? = 0
configure:6456: result: yes
configure:6456: checking for string.h
configure:6456: gcc -c -g -O2  conftest.c >&5
configure:6456: $? = 0
configure:6456: result: yes
configure:6456: checking for memory.h
configure:6456: gcc -c -g -O2  conftest.c >&5
configure:6456: $? = 0
configure:6456: result: yes
configure:6456: checking for strings.h
configure:6456: gcc -c -g -O2  conftest.c >&5
configure:6456: $? = 0
configure:6456: result: yes
configure:6456: checking for inttypes.h
configure:6456: gcc -c -g -O2  conftest.c >&5
configure:6456: $? = 0
configure:6456: result: yes
configure:6456: checking for stdint.h
configure:6456: gcc -c -g -O2  conftest.c >&5
configure:6456: $? = 0
configure:6456: result: yes
configure:6456: checking for unistd.h
configure:6456: gcc -c -g -O2  conftest.c >&5
configure:6456: $? = 0
configure:6456: result: yes
configure:6470: checking sys/sysctl.h usability
configure:6470: gcc -c -g -O2  conftest.c >&5
configure:6470: $? = 0
configure:6470: result: yes
configure:6470: checking sys/sysctl.h presence
configure:6470: gcc -E  conftest.c
configure:6470: $? = 0
configure:6470: result: yes
configure:6470: checking for sys/sysctl.h
configure:6470: result: yes
configure:6480: checking CXXFLAGS for maximum warnings
configure:6506: g++ -c -g -O2 -DNDEBUG -pedantic  -Wall  conftest.cpp >&5
configure:6506: $? = 0
configure:6520: result: -Wall
configure:6533: : CXXFLAGS="$CXXFLAGS $ax_cv_cxxflags_warn_all"
configure:6536: $? = 0
configure:6543: checking CXXFLAGS for gcc -Wextra
configure:6570: g++ -c -g -O2 -DNDEBUG -Wall -pedantic -Werror  -Wextra  conftest.cpp >&5
configure:6570: $? = 0
configure:6584: result: -Wextra
configure:6597: : CXXFLAGS="$CXXFLAGS $var"
configure:6600: $? = 0
configure:6719: checking that generated files are newer than configure
configure:6725: result: done
configure:6756: creating ./config.status

## ---------------------- ##
## Running config.status. ##
## ---------------------- ##

This file was extended by fuego config.status 1.1.SVN, which was
generated by GNU Autoconf 2.69.  Invocation command line was

  CONFIG_FILES    = 
  CONFIG_HEADERS  = 
  CONFIG_LINKS    = 
  CONFIG_COMMANDS = 
  $ ./config.status 

on ghc30.ghc.andrew.cmu.edu

config.status:900: creating Makefile
config.status:900: creating book/Makefile
config.status:900: creating regression/Makefile
config.status:900: creating misctests/Makefile
config.status:900: creating fuegomain/Makefile
config.status:900: creating fuegotest/Makefile
config.status:900: creating go/Makefile
config.status:900: creating gouct/Makefile
config.status:900: creating gtpengine/Makefile
config.status:900: creating features/Makefile
config.status:900: creating simpleplayers/Makefile
config.status:900: creating smartgame/Makefile
config.status:900: creating unittestmain/Makefile
config.status:900: creating config.h
config.status:1081: config.h is unchanged
config.status:1129: executing depfiles commands

## ---------------- ##
## Cache variables. ##
## ---------------- ##

ac_cv_build=x86_64-unknown-linux-gnu
ac_cv_c_compiler_gnu=yes
ac_cv_cxx_compiler_gnu=yes
ac_cv_env_CCC_set=
ac_cv_env_CCC_value=
ac_cv_env_CC_set=
ac_cv_env_CC_value=
ac_cv_env_CFLAGS_set=
ac_cv_env_CFLAGS_value=
ac_cv_env_CPPFLAGS_set=
ac_cv_env_CPPFLAGS_value=
ac_cv_env_CPP_set=
ac_cv_env_CPP_value=
ac_cv_env_CXXFLAGS_set=
ac_cv_env_CXXFLAGS_value=
ac_cv_env_CXX_set=
ac_cv_env_CXX_value=
ac_cv_env_LDFLAGS_set=
ac_cv_env_LDFLAGS_value=
ac_cv_env_LIBS_set=
ac_cv_env_LIBS_value=
ac_cv_env_build_alias_set=
ac_cv_env_build_alias_value=
ac_cv_env_host_alias_set=
ac_cv_env_host_alias_value=
ac_cv_env_target_alias_set=
ac_cv_env_target_alias_value=
ac_cv_header_inttypes_h=yes
ac_cv_header_memory_h=yes
ac_cv_header_stdc=yes
ac_cv_header_stdint_h=yes
ac_cv_header_stdlib_h=yes
ac_cv_header_string_h=yes
ac_cv_header_strings_h=yes
ac_cv_header_sys_stat_h=yes
ac_cv_header_sys_sysctl_h=yes
ac_cv_header_sys_types_h=yes
ac_cv_header_unistd_h=yes
ac_cv_host=x86_64-unknown-linux-gnu
ac_cv_lib_boost_date_time___exit=yes
ac_cv_lib_boost_filesystem___exit=yes
ac_cv_lib_boost_program_options___exit=yes
ac_cv_lib_boost_system___exit=yes
ac_cv_lib_boost_thread___exit=yes
ac_cv_objext=o
ac_cv_path_EGREP='/usr/bin/grep -E'
ac_cv_path_GREP=/usr/bin/grep
ac_cv_path_install='/usr/bin/install -c'
ac_cv_path_mkdir=/usr/bin/mkdir
ac_cv_prog_AWK=gawk
ac_cv_prog_CPP='gcc -E'
ac_cv_prog_ac_ct_CC=gcc
ac_cv_prog_ac_ct_CXX=g++
ac_cv_prog_ac_ct_RANLIB=ranlib
ac_cv_prog_cc_c89=
ac_cv_prog_cc_g=yes
ac_cv_prog_cxx_g=yes
ac_cv_prog_make_make_set=yes
am_cv_CC_dependencies_compiler_type=gcc3
am_cv_CXX_dependencies_compiler_type=gcc3
am_cv_make_support_nested_variables=yes
ax_cv_boost_date_time=yes
ax_cv_boost_filesystem=yes
ax_cv_boost_program_options=yes
ax_cv_boost_system=yes
ax_cv_boost_thread=yes
ax_cv_boost_unit_test_framework=yes
ax_cv_cxxflags_gcc_option__Wextra=-Wextra
ax_cv_cxxflags_warn_all=-Wall

## ----------------- ##
## Output variables. ##
## ----------------- ##

ACLOCAL='${SHELL} /afs/andrew.cmu.edu/usr18/qzhuang/private/ParallelizedMCTS/fuego/missing aclocal-1.13'
AMDEPBACKSLASH='\'
AMDEP_FALSE='#'
AMDEP_TRUE=''
AMTAR='$${TAR-tar}'
AM_BACKSLASH='\'
AM_DEFAULT_V='$(AM_DEFAULT_VERBOSITY)'
AM_DEFAULT_VERBOSITY='1'
AM_V='$(V)'
AUTOCONF='${SHELL} /afs/andrew.cmu.edu/usr18/qzhuang/private/ParallelizedMCTS/fuego/missing autoconf'
AUTOHEADER='${SHELL} /afs/andrew.cmu.edu/usr18/qzhuang/private/ParallelizedMCTS/fuego/missing autoheader'
AUTOMAKE='${SHELL} /afs/andrew.cmu.edu/usr18/qzhuang/private/ParallelizedMCTS/fuego/missing automake-1.13'
AWK='gawk'
BOOST_CPPFLAGS='-pthread -I/afs/andrew.cmu.edu/usr18/qzhuang/private/boost/include'
BOOST_DATE_TIME_LIB='-lboost_date_time'
BOOST_FILESYSTEM_LIB='-lboost_filesystem'
BOOST_LDFLAGS='-L/afs/andrew.cmu.edu/usr18/qzhuang/private/boost/lib'
BOOST_PROGRAM_OPTIONS_LIB='-lboost_program_options'
BOOST_SYSTEM_LIB='-lboost_system'
BOOST_THREAD_LIB='-lboost_thread'
BOOST_UNIT_TEST_FRAMEWORK_LIB='-lboost_unit_test_framework'
CC='gcc'
CCDEPMODE='depmode=gcc3'
CFLAGS='-g -O2'
CPP='gcc -E'
CPPFLAGS=''
CXX='g++'
CXXDEPMODE='depmode=gcc3'
CXXFLAGS='-g -O2 -DNDEBUG -Wall -Wextra'
CYGPATH_W='echo'
DEFS='-DHAVE_CONFIG_H'
DEPDIR='.deps'
ECHO_C=''
ECHO_N='-n'
ECHO_T=''
EGREP='/usr/bin/grep -E'
EXEEXT=''
GREP='/usr/bin/grep'
INSTALL_DATA='${INSTALL} -m 644'
INSTALL_PROGRAM='${INSTALL}'
INSTALL_SCRIPT='${INSTALL}'
INSTALL_STRIP_PROGRAM='$(install_sh) -c -s'
LDFLAGS=''
LIBOBJS=''
LIBS=''
LTLIBOBJS=''
MAINT='#'
MAINTAINER_MODE_FALSE=''
MAINTAINER_MODE_TRUE='#'
MAKEINFO='${SHELL} /afs/andrew.cmu.edu/usr18/qzhuang/private/ParallelizedMCTS/fuego/missing makeinfo'
MKDIR_P='/usr/bin/mkdir -p'
OBJEXT='o'
PACKAGE='fuego'
PACKAGE_BUGREPORT=''
PACKAGE_NAME='fuego'
PACKAGE_STRING='fuego 1.1.SVN'
PACKAGE_TARNAME='fuego'
PACKAGE_URL=''
PACKAGE_VERSION='1.1.SVN'
PATH_SEPARATOR=':'
RANLIB='ranlib'
SET_MAKE=''
SHELL='/bin/sh'
STRIP=''
VERSION='1.1.SVN'
ac_ct_CC='gcc'
ac_ct_CXX='g++'
am__EXEEXT_FALSE=''
am__EXEEXT_TRUE='#'
am__fastdepCC_FALSE='#'
am__fastdepCC_TRUE=''
am__fastdepCXX_FALSE='#'
am__fastdepCXX_TRUE=''
am__include='include'
am__isrc=''
am__leading_dot='.'
am__nodep='_no'
am__quote=''
am__tar='$${TAR-tar} chof - "$$tardir"'
am__untar='$${TAR-tar} xf -'
bindir='${exec_prefix}/bin'
build='x86_64-unknown-linux-gnu'
build_alias=''
build_cpu='x86_64'
build_os='linux-gnu'
build_vendor='unknown'
datadir='${datarootdir}'
datarootdir='${prefix}/share'
docdir='${datarootdir}/doc/${PACKAGE_TARNAME}'
dvidir='${docdir}'
exec_prefix='${prefix}'
host='x86_64-unknown-linux-gnu'
host_alias=''
host_cpu='x86_64'
host_os='linux-gnu'
host_vendor='unknown'
htmldir='${docdir}'
includedir='${prefix}/include'
infodir='${datarootdir}/info'
install_sh='${SHELL} /afs/andrew.cmu.edu/usr18/qzhuang/private/ParallelizedMCTS/fuego/install-sh'
libdir='${exec_prefix}/lib'
libexecdir='${exec_prefix}/libexec'
localedir='${datarootdir}/locale'
localstatedir='${prefix}/var'
mandir='${datarootdir}/man'
mkdir_p='$(MKDIR_P)'
oldincludedir='/usr/include'
pdfdir='${docdir}'
prefix='/usr/local'
program_transform_name='s,x,x,'
psdir='${docdir}'
sbindir='${exec_prefix}/sbin'
sharedstatedir='${prefix}/com'
sysconfdir='${prefix}/etc'
target_alias=''

## ----------- ##
## confdefs.h. ##
## ----------- ##

/* confdefs.h */
#define PACKAGE_NAME "fuego"
#define PACKAGE_TARNAME "fuego"
#define PACKAGE_VERSION "1.1.SVN"
#define PACKAGE_STRING "fuego 1.1.SVN"
#define PACKAGE_BUGREPORT ""
#define PACKAGE_URL ""
#define PACKAGE "fuego"
#define VERSION "1.1.SVN"
#define HAVE_BOOST /**/
#define HAVE_BOOST_THREAD /**/
#define HAVE_BOOST_SYSTEM /**/
#define HAVE_BOOST_DATE_TIME /**/
#define HAVE_BOOST_FILESYSTEM /**/
#define HAVE_BOOST_PROGRAM_OPTIONS /**/
#define HAVE_BOOST_UNIT_TEST_FRAMEWORK /**/
#define HAVE_SYNC_SYNCHRONIZE 1
#define HOST_CPU "x86_64"
#define STDC_HEADERS 1
#define HAVE_SYS_TYPES_H 1
#define HAVE_SYS_STAT_H 1
#define HAVE_STDLIB_H 1
#define HAVE_STRING_H 1
#define HAVE_MEMORY_H 1
#define HAVE_STRINGS_H 1
#define HAVE_INTTYPES_H 1
#define HAVE_STDINT_H 1
#define HAVE_UNISTD_H 1
#define HAVE_SYS_SYSCTL_H 1

configure: exit 0
